# JRE version: OpenJDK Runtime Environment (8.0_222-b10) (build 1.8.0_222-8u222-b10-1ubuntu1~16.04.1-b10)
# Java VM: OpenJDK Server VM (25.222-b10 mixed mode linux-x86 )
Heap:
 PSYoungGen      total 296192K, used 0K [0x7cb80000, 0xa7080000, 0xa7600000)
  eden space 232960K, 0% used [0x7cb80000,0x7cb80000,0x8af00000)
  from space 63232K, 0% used [0x8af00000,0x8af00000,0x8ecc0000)
  to   space 230144K, 0% used [0x98fc0000,0x98fc0000,0xa7080000)
 ParOldGen       total 1286912K, used 1284592K [0x27600000, 0x75ec0000, 0x7cb80000)
  object space 1286912K, 99% used [0x27600000,0x75c7c220,0x75ec0000)
 Metaspace       used 15174K, capacity 15548K, committed 15640K, reserved 15664K
GC Heap History (10 events):
Event: 88.314 GC heap after
Heap after GC invocations=40 (full 9):
 PSYoungGen      total 465920K, used 18434K [0x7cb80000, 0xa7600000, 0xa7600000)
  eden space 232960K, 0% used [0x7cb80000,0x7cb80000,0x8af00000)
  from space 232960K, 7% used [0x8af00000,0x8c100950,0x99280000)
  to   space 232960K, 0% used [0x99280000,0x99280000,0xa7600000)
 ParOldGen       total 1286912K, used 1028657K [0x27600000, 0x75ec0000, 0x7cb80000)
  object space 1286912K, 79% used [0x27600000,0x6628c430,0x75ec0000)
 Metaspace       used 15038K, capacity 15415K, committed 15512K, reserved 15664K
}
Event: 96.154 GC heap before
{Heap before GC invocations=41 (full 9):
 PSYoungGen      total 465920K, used 251394K [0x7cb80000, 0xa7600000, 0xa7600000)
  eden space 232960K, 100% used [0x7cb80000,0x8af00000,0x8af00000)
  from space 232960K, 7% used [0x8af00000,0x8c100950,0x99280000)
  to   space 232960K, 0% used [0x99280000,0x99280000,0xa7600000)
 ParOldGen       total 1286912K, used 1028657K [0x27600000, 0x75ec0000, 0x7cb80000)
  object space 1286912K, 79% used [0x27600000,0x6628c430,0x75ec0000)
 Metaspace       used 15038K, capacity 15415K, committed 15512K, reserved 15664K
Event: 100.926 GC heap after
Heap after GC invocations=41 (full 9):
 PSYoungGen      total 465920K, used 59200K [0x7cb80000, 0xa7600000, 0xa7600000)
  eden space 232960K, 0% used [0x7cb80000,0x7cb80000,0x8af00000)
  from space 232960K, 25% used [0x99280000,0x9cc50000,0xa7600000)
  to   space 232960K, 0% used [0x8af00000,0x8af00000,0x99280000)
 ParOldGen       total 1286912K, used 1047261K [0x27600000, 0x75ec0000, 0x7cb80000)
  object space 1286912K, 81% used [0x27600000,0x674b7430,0x75ec0000)
 Metaspace       used 15038K, capacity 15415K, committed 15512K, reserved 15664K
}
Event: 101.590 GC heap before
{Heap before GC invocations=42 (full 9):
 PSYoungGen      total 465920K, used 292160K [0x7cb80000, 0xa7600000, 0xa7600000)
  eden space 232960K, 100% used [0x7cb80000,0x8af00000,0x8af00000)
  from space 232960K, 25% used [0x99280000,0x9cc50000,0xa7600000)
  to   space 232960K, 0% used [0x8af00000,0x8af00000,0x99280000)
 ParOldGen       total 1286912K, used 1047261K [0x27600000, 0x75ec0000, 0x7cb80000)
  object space 1286912K, 81% used [0x27600000,0x674b7430,0x75ec0000)
 Metaspace       used 15038K, capacity 15415K, committed 15512K, reserved 15664K
Event: 112.894 GC heap after
Heap after GC invocations=42 (full 9):
 PSYoungGen      total 465920K, used 58576K [0x7cb80000, 0xa7600000, 0xa7600000)
  eden space 232960K, 0% used [0x7cb80000,0x7cb80000,0x8af00000)
  from space 232960K, 25% used [0x8af00000,0x8e834000,0x99280000)
  to   space 232960K, 0% used [0x99280000,0x99280000,0xa7600000)
 ParOldGen       total 1286912K, used 1106905K [0x27600000, 0x75ec0000, 0x7cb80000)
  object space 1286912K, 86% used [0x27600000,0x6aef6430,0x75ec0000)
 Metaspace       used 15038K, capacity 15415K, committed 15512K, reserved 15664K
}
Event: 134.034 GC heap before
{Heap before GC invocations=43 (full 9):
 PSYoungGen      total 465920K, used 291536K [0x7cb80000, 0xa7600000, 0xa7600000)
  eden space 232960K, 100% used [0x7cb80000,0x8af00000,0x8af00000)
  from space 232960K, 25% used [0x8af00000,0x8e834000,0x99280000)
  to   space 232960K, 0% used [0x99280000,0x99280000,0xa7600000)
 ParOldGen       total 1286912K, used 1106905K [0x27600000, 0x75ec0000, 0x7cb80000)
  object space 1286912K, 86% used [0x27600000,0x6aef6430,0x75ec0000)
 Metaspace       used 15172K, capacity 15548K, committed 15640K, reserved 15664K
Event: 145.563 GC heap after
Heap after GC invocations=43 (full 9):
 PSYoungGen      total 465920K, used 57432K [0x7cb80000, 0xa7600000, 0xa7600000)
  eden space 232960K, 0% used [0x7cb80000,0x7cb80000,0x8af00000)
  from space 232960K, 24% used [0x99280000,0x9ca96020,0xa7600000)
  to   space 232960K, 0% used [0x8af00000,0x8af00000,0x99280000)
 ParOldGen       total 1286912K, used 1165917K [0x27600000, 0x75ec0000, 0x7cb80000)
  object space 1286912K, 90% used [0x27600000,0x6e897430,0x75ec0000)
 Metaspace       used 15172K, capacity 15548K, committed 15640K, reserved 15664K
}
Event: 146.463 GC heap before
{Heap before GC invocations=44 (full 9):
 PSYoungGen      total 465920K, used 290392K [0x7cb80000, 0xa7600000, 0xa7600000)
  eden space 232960K, 100% used [0x7cb80000,0x8af00000,0x8af00000)
  from space 232960K, 24% used [0x99280000,0x9ca96020,0xa7600000)
  to   space 232960K, 0% used [0x8af00000,0x8af00000,0x99280000)
 ParOldGen       total 1286912K, used 1165917K [0x27600000, 0x75ec0000, 0x7cb80000)
  object space 1286912K, 90% used [0x27600000,0x6e897430,0x75ec0000)
 Metaspace       used 15174K, capacity 15548K, committed 15640K, reserved 15664K
Event: 184.190 GC heap after
Heap after GC invocations=44 (full 9):
 PSYoungGen      total 296192K, used 63024K [0x7cb80000, 0xa7080000, 0xa7600000)
  eden space 232960K, 0% used [0x7cb80000,0x7cb80000,0x8af00000)
  from space 63232K, 99% used [0x8af00000,0x8ec8c010,0x8ecc0000)
  to   space 230144K, 0% used [0x98fc0000,0x98fc0000,0xa7080000)
 ParOldGen       total 1286912K, used 1223531K [0x27600000, 0x75ec0000, 0x7cb80000)
  object space 1286912K, 95% used [0x27600000,0x720dac60,0x75ec0000)
 Metaspace       used 15174K, capacity 15548K, committed 15640K, reserved 15664K
}
Event: 184.190 GC heap before
{Heap before GC invocations=45 (full 10):
 PSYoungGen      total 296192K, used 63024K [0x7cb80000, 0xa7080000, 0xa7600000)
  eden space 232960K, 0% used [0x7cb80000,0x7cb80000,0x8af00000)
  from space 63232K, 99% used [0x8af00000,0x8ec8c010,0x8ecc0000)
  to   space 230144K, 0% used [0x98fc0000,0x98fc0000,0xa7080000)
 ParOldGen       total 1286912K, used 1223531K [0x27600000, 0x75ec0000, 0x7cb80000)
  object space 1286912K, 95% used [0x27600000,0x720dac60,0x75ec0000)
 Metaspace       used 15174K, capacity 15548K, committed 15640K, reserved 15664K

